/*C4*/SET SCHEMA PUBLIC
DROP TABLE Employee
CREATE TABLE Employee (\u000aID INTEGER IDENTITY,\u000aFirstName VARCHAR(20),\u000aLastName VARCHAR(20),\u000aEmail VARCHAR(70) UNIQUE,\u000aDepartment VARCHAR(50),\u000aTitle VARCHAR(50)\u000a)
INSERT INTO EMPLOYEE VALUES(1,'Vanessa','Abarca','vabarca@company.com','Administration','Clerk Typist')
COMMIT
INSERT INTO EMPLOYEE VALUES(2,'Debbie','Burquist','dburquist@company.com','Administration','GuIDance Technician')
COMMIT
INSERT INTO EMPLOYEE VALUES(3,'Lupe','Garcia','lgarcia@company.com','Administration','Program Assistant')
COMMIT
INSERT INTO EMPLOYEE VALUES(4,'Cecilia','Duron','cduron@company.com','Administration','irector of Bussiness')
COMMIT
INSERT INTO EMPLOYEE VALUES(5,'Diane','Harris','dharris@company.com','Administration','GuIDance Technician')
COMMIT
INSERT INTO EMPLOYEE VALUES(6,'Daniela','Rodriguez','drodriguez@live.com','Administration','Attendance Analyst')
COMMIT
INSERT INTO EMPLOYEE VALUES(7,'Mary','Cavazos','mcavazos@gmail.com','Instructors','Instrurctor')
COMMIT
INSERT INTO EMPLOYEE VALUES(8,'Douglas','Keenan','dkeenan@yahoo.com','Instructors','Instructor')
COMMIT
INSERT INTO EMPLOYEE VALUES(9,'Fernando','Calderon','fcalderon@company.com','Imperial County Faces for the Future','Youth Development Specialist')
COMMIT
INSERT INTO EMPLOYEE VALUES(10,'Anabel','Garcia','agarcia@yahoo.com','Imperial County Faces for the Future','Intern Counselor')
COMMIT
INSERT INTO EMPLOYEE VALUES(11,'Margarita','Ibarra','mibarra@hotmail.com','Imperial County Faces for the Future','Youth Development Specialist')
COMMIT
INSERT INTO EMPLOYEE VALUES(12,'Gerald','Uyeda','guyeda@company.com','BrIDges','Project Coordinator')
COMMIT
INSERT INTO EMPLOYEE VALUES(13,'Jessica','Lorona','jlorona@gmail.com','BrIDges','Clerk Typist')
COMMIT
INSERT INTO EMPLOYEE VALUES(14,'Ivonne','Lopez','ilopez@hotmail.com','BrIDges','Intern Counselor')
COMMIT
INSERT INTO EMPLOYEE VALUES(15,'Margarita','Ibarra','mibarra@mynet.com','BrIDges','Youth Development Specialist')
COMMIT
INSERT INTO EMPLOYEE VALUES(16,'Luis','Torres','ltorres@gmail.com','ACE','Project Coordinator')
COMMIT
INSERT INTO EMPLOYEE VALUES(17,'Gloria','Salvador','gsalvador@yahoo.com','ACE','Clerk Typist')
COMMIT
INSERT INTO EMPLOYEE VALUES(18,'Estella','Diaz','ediaz@company.com','ACE','Case Manager')
COMMIT
INSERT INTO EMPLOYEE VALUES(19,'Patricia','Robledo','probledo@company.com','Administration','Payroll/Account Clerk')
COMMIT
INSERT INTO EMPLOYEE VALUES(20,'Wendy','Ramirez','wramirez@company.com','Administration','Office Manager')
COMMIT
INSERT INTO EMPLOYEE VALUES(21,'Dummy','Entry','dummyentry@dummy.com','0.7872290017157653','0.34798187942262415')
COMMIT
INSERT INTO EMPLOYEE VALUES(22,'Sevket','Cakir','sucakir@pau.edu.tr','Bilgisayar Muh.','Ogr.Gor.')
COMMIT
DISCONNECT
